2025-05-31 01:39:16,395 - INFO - Starting application checker...
2025-05-31 01:39:16,397 - INFO - Checking for new unprocessed applications...
2025-05-31 01:39:16,397 - INFO - Application checker started successfully
2025-05-31 01:39:16,408 - WARNING -  * Debugger is active!
2025-05-31 01:39:16,411 - INFO -  * Debugger PIN: 461-702-156
2025-05-31 01:39:16,798 - INFO - HTTP Request: GET https://xwtzzysvuyiunbxgocxu.supabase.co/rest/v1/job_applications?select=%2A&match_percentage=is.null "HTTP/1.1 200 OK"
2025-05-31 01:39:16,801 - INFO - No new applications found to process
2025-05-31 01:39:16,801 - INFO - Waiting 30 seconds before next check...
2025-05-31 01:39:21,596 - INFO -  * Detected change in 'L:\\fy project resume matcher\\backend\\db.py', reloading
2025-05-31 01:39:22,994 - INFO - Starting application checker...
2025-05-31 01:39:22,995 - INFO - Checking for new unprocessed applications...
2025-05-31 01:39:22,995 - INFO - Application checker started successfully
2025-05-31 01:39:23,006 - WARNING -  * Debugger is active!
2025-05-31 01:39:23,010 - INFO -  * Debugger PIN: 461-702-156
2025-05-31 01:39:23,302 - INFO - HTTP Request: GET https://xwtzzysvuyiunbxgocxu.supabase.co/rest/v1/job_applications?select=%2A&match_percentage=is.null "HTTP/1.1 200 OK"
2025-05-31 01:39:23,304 - INFO - No new applications found to process
2025-05-31 01:39:23,305 - INFO - Waiting 30 seconds before next check...
2025-05-31 01:39:31,276 - INFO -  * Detected change in 'L:\\fy project resume matcher\\backend\\db.py', reloading
2025-05-31 01:39:32,693 - INFO - Starting application checker...
2025-05-31 01:39:32,694 - INFO - Checking for new unprocessed applications...
2025-05-31 01:39:32,694 - INFO - Application checker started successfully
2025-05-31 01:39:32,705 - WARNING -  * Debugger is active!
2025-05-31 01:39:32,709 - INFO -  * Debugger PIN: 461-702-156
2025-05-31 01:39:33,006 - INFO - HTTP Request: GET https://xwtzzysvuyiunbxgocxu.supabase.co/rest/v1/job_applications?select=%2A&match_percentage=is.null "HTTP/1.1 200 OK"
2025-05-31 01:39:33,008 - INFO - No new applications found to process
2025-05-31 01:39:33,008 - INFO - Waiting 30 seconds before next check...
2025-05-31 01:40:03,008 - INFO - Checking for new unprocessed applications...
2025-05-31 01:40:03,138 - INFO - HTTP Request: GET https://xwtzzysvuyiunbxgocxu.supabase.co/rest/v1/job_applications?select=%2A&match_percentage=is.null "HTTP/1.1 200 OK"
2025-05-31 01:40:03,139 - INFO - No new applications found to process
2025-05-31 01:40:03,139 - INFO - Waiting 30 seconds before next check...
2025-05-31 01:40:11,770 - INFO -  * Detected change in 'L:\\fy project resume matcher\\backend\\app.py', reloading
2025-05-31 01:40:13,193 - INFO - Starting application checker...
2025-05-31 01:40:13,194 - INFO - Checking for new unprocessed applications...
2025-05-31 01:40:13,194 - INFO - Application checker started successfully
2025-05-31 01:40:13,205 - WARNING -  * Debugger is active!
2025-05-31 01:40:13,208 - INFO -  * Debugger PIN: 461-702-156
2025-05-31 01:40:13,642 - INFO - HTTP Request: GET https://xwtzzysvuyiunbxgocxu.supabase.co/rest/v1/job_applications?select=%2A&match_percentage=is.null "HTTP/1.1 200 OK"
2025-05-31 01:40:13,643 - INFO - No new applications found to process
2025-05-31 01:40:13,643 - INFO - Waiting 30 seconds before next check...
2025-05-31 01:40:43,644 - INFO - Checking for new unprocessed applications...
2025-05-31 01:40:44,116 - INFO - HTTP Request: GET https://xwtzzysvuyiunbxgocxu.supabase.co/rest/v1/job_applications?select=%2A&match_percentage=is.null "HTTP/1.1 200 OK"
2025-05-31 01:40:44,117 - INFO - No new applications found to process
2025-05-31 01:40:44,117 - INFO - Waiting 30 seconds before next check...
2025-05-31 01:40:54,301 - INFO -  * Detected change in 'L:\\fy project resume matcher\\backend\\app.py', reloading
2025-05-31 01:40:55,734 - INFO - Starting application checker...
2025-05-31 01:40:55,735 - INFO - Checking for new unprocessed applications...
2025-05-31 01:40:55,735 - INFO - Application checker started successfully
2025-05-31 01:40:55,746 - WARNING -  * Debugger is active!
2025-05-31 01:40:55,750 - INFO -  * Debugger PIN: 461-702-156
2025-05-31 01:40:56,342 - INFO - HTTP Request: GET https://xwtzzysvuyiunbxgocxu.supabase.co/rest/v1/job_applications?select=%2A&match_percentage=is.null "HTTP/1.1 200 OK"
2025-05-31 01:40:56,344 - INFO - No new applications found to process
2025-05-31 01:40:56,344 - INFO - Waiting 30 seconds before next check...
2025-05-31 01:41:26,344 - INFO - Checking for new unprocessed applications...
2025-05-31 01:41:26,529 - INFO - HTTP Request: GET https://xwtzzysvuyiunbxgocxu.supabase.co/rest/v1/job_applications?select=%2A&match_percentage=is.null "HTTP/1.1 200 OK"
2025-05-31 01:41:26,529 - INFO - No new applications found to process
2025-05-31 01:41:26,529 - INFO - Waiting 30 seconds before next check...
2025-05-31 01:41:56,530 - INFO - Checking for new unprocessed applications...
2025-05-31 01:41:56,851 - INFO - HTTP Request: GET https://xwtzzysvuyiunbxgocxu.supabase.co/rest/v1/job_applications?select=%2A&match_percentage=is.null "HTTP/1.1 200 OK"
2025-05-31 01:41:56,852 - INFO - No new applications found to process
2025-05-31 01:41:56,852 - INFO - Waiting 30 seconds before next check...
2025-05-31 01:42:26,852 - INFO - Checking for new unprocessed applications...
2025-05-31 01:42:27,085 - INFO - HTTP Request: GET https://xwtzzysvuyiunbxgocxu.supabase.co/rest/v1/job_applications?select=%2A&match_percentage=is.null "HTTP/1.1 200 OK"
2025-05-31 01:42:27,086 - INFO - No new applications found to process
2025-05-31 01:42:27,086 - INFO - Waiting 30 seconds before next check...
2025-05-31 01:42:33,384 - INFO -  * Detected change in 'L:\\fy project resume matcher\\backend\\resume_matcher.py', reloading
2025-05-31 01:42:34,793 - INFO - Starting application checker...
2025-05-31 01:42:34,794 - INFO - Checking for new unprocessed applications...
2025-05-31 01:42:34,794 - INFO - Application checker started successfully
2025-05-31 01:42:34,805 - WARNING -  * Debugger is active!
2025-05-31 01:42:34,809 - INFO -  * Debugger PIN: 461-702-156
2025-05-31 01:42:35,131 - INFO - HTTP Request: GET https://xwtzzysvuyiunbxgocxu.supabase.co/rest/v1/job_applications?select=%2A&match_percentage=is.null "HTTP/1.1 200 OK"
2025-05-31 01:42:35,133 - INFO - No new applications found to process
2025-05-31 01:42:35,133 - INFO - Waiting 30 seconds before next check...
2025-05-31 01:42:42,049 - INFO -  * Detected change in 'L:\\fy project resume matcher\\backend\\resume_matcher.py', reloading
2025-05-31 01:42:43,462 - INFO - Starting application checker...
2025-05-31 01:42:43,463 - INFO - Checking for new unprocessed applications...
2025-05-31 01:42:43,463 - INFO - Application checker started successfully
2025-05-31 01:42:43,474 - WARNING -  * Debugger is active!
2025-05-31 01:42:43,478 - INFO -  * Debugger PIN: 461-702-156
2025-05-31 01:42:44,134 - INFO - HTTP Request: GET https://xwtzzysvuyiunbxgocxu.supabase.co/rest/v1/job_applications?select=%2A&match_percentage=is.null "HTTP/1.1 200 OK"
2025-05-31 01:42:44,135 - INFO - No new applications found to process
2025-05-31 01:42:44,136 - INFO - Waiting 30 seconds before next check...
2025-05-31 01:43:07,138 - INFO -  * Detected change in 'L:\\fy project resume matcher\\backend\\resume_matcher.py', reloading
2025-05-31 01:43:08,551 - INFO - Starting application checker...
2025-05-31 01:43:08,552 - INFO - Checking for new unprocessed applications...
2025-05-31 01:43:08,552 - INFO - Application checker started successfully
2025-05-31 01:43:08,563 - WARNING -  * Debugger is active!
2025-05-31 01:43:08,567 - INFO -  * Debugger PIN: 461-702-156
2025-05-31 01:43:08,995 - INFO - HTTP Request: GET https://xwtzzysvuyiunbxgocxu.supabase.co/rest/v1/job_applications?select=%2A&match_percentage=is.null "HTTP/1.1 200 OK"
2025-05-31 01:43:08,997 - INFO - No new applications found to process
2025-05-31 01:43:08,997 - INFO - Waiting 30 seconds before next check...
2025-05-31 01:43:13,751 - INFO -  * Detected change in 'L:\\fy project resume matcher\\backend\\db.py', reloading
2025-05-31 01:43:15,157 - INFO - Starting application checker...
2025-05-31 01:43:15,158 - INFO - Checking for new unprocessed applications...
2025-05-31 01:43:15,158 - INFO - Application checker started successfully
2025-05-31 01:43:15,169 - WARNING -  * Debugger is active!
2025-05-31 01:43:15,172 - INFO -  * Debugger PIN: 461-702-156
2025-05-31 01:43:15,662 - INFO - HTTP Request: GET https://xwtzzysvuyiunbxgocxu.supabase.co/rest/v1/job_applications?select=%2A&match_percentage=is.null "HTTP/1.1 200 OK"
2025-05-31 01:43:15,665 - INFO - No new applications found to process
2025-05-31 01:43:15,665 - INFO - Waiting 30 seconds before next check...
2025-05-31 01:43:22,416 - INFO -  * Detected change in 'L:\\fy project resume matcher\\backend\\resume_matcher.py', reloading
2025-05-31 01:43:23,830 - INFO - Starting application checker...
2025-05-31 01:43:23,831 - INFO - Checking for new unprocessed applications...
2025-05-31 01:43:23,831 - INFO - Application checker started successfully
2025-05-31 01:43:23,842 - WARNING -  * Debugger is active!
2025-05-31 01:43:23,845 - INFO -  * Debugger PIN: 461-702-156
2025-05-31 01:43:24,306 - INFO - HTTP Request: GET https://xwtzzysvuyiunbxgocxu.supabase.co/rest/v1/job_applications?select=%2A&match_percentage=is.null "HTTP/1.1 200 OK"
2025-05-31 01:43:24,308 - INFO - No new applications found to process
2025-05-31 01:43:24,308 - INFO - Waiting 30 seconds before next check...
2025-05-31 01:43:54,308 - INFO - Checking for new unprocessed applications...
2025-05-31 01:43:54,416 - INFO - HTTP Request: GET https://xwtzzysvuyiunbxgocxu.supabase.co/rest/v1/job_applications?select=%2A&match_percentage=is.null "HTTP/1.1 200 OK"
2025-05-31 01:43:54,417 - INFO - No new applications found to process
2025-05-31 01:43:54,417 - INFO - Waiting 30 seconds before next check...
2025-05-31 01:44:24,418 - INFO - Checking for new unprocessed applications...
2025-05-31 01:44:24,773 - INFO - HTTP Request: GET https://xwtzzysvuyiunbxgocxu.supabase.co/rest/v1/job_applications?select=%2A&match_percentage=is.null "HTTP/1.1 200 OK"
2025-05-31 01:44:24,774 - INFO - No new applications found to process
2025-05-31 01:44:24,774 - INFO - Waiting 30 seconds before next check...
